16-Nov-2015 09:15:24.837 WARNING [main] org.apache.tomcat.util.digester.SetPropertiesRule.begin [SetPropertiesRule]{Server/Service/Engine/Host/Valve} Setting property 'resolveHosts' to 'false' did not find a matching property.
16-Nov-2015 09:15:24.853 INFO [main] org.apache.catalina.core.AprLifecycleListener.lifecycleEvent The APR based Apache Tomcat Native library which allows optimal performance in production environments was not found on the java.library.path: C:\Dev\Java\jdk1.8.0_65\jre\bin;C:\Windows\Sun\Java\bin;C:\Windows\system32;C:\Windows;C:\Dev\Java\jdk1.8.0_65\bin;C:\ProgramData\Oracle\Java\javapath;C:\Dev\JRebel;C:\Dev\apache-maven-3\bin;C:\Dev\ant\bin;C:\Perl64\site\bin;C:\Perl64\bin;c:\dev\graphicsmagick;C:\Dev\Ruby193\bin;C:\Windows\system32;C:\Windows;C:\Windows\System32\Wbem;C:\Windows\System32\WindowsPowerShell\v1.0\;C:\Dev\Subversion\bin;C:\Dev\Git\cmd;C:\Dev\nodejs\;C:\Dev\Python27;C:\Windows\system32\config\systemprofile\.dnx\bin;C:\Program Files\Microsoft DNX\Dnvm\;C:\Program Files (x86)\MySQL\MySQL Fabric 1.5 & MySQL Utilities 1.5\;C:\Program Files (x86)\MySQL\MySQL Fabric 1.5 & MySQL Utilities 1.5\Doctrine extensions for PHP\;C:\Dev\Java\jdk1.8.0_65\bin;%M2_HOME%\bin;%M3_HOME%\bin;C:\Dev\ant\bin%;JREBEL_HOME%;C:\Dev\Ruby193\bin;C:\Dev\nodejs\;C:\Dev\Git\cmd;C:\Dev\OptiPNG\optipng.exe;C:\Dev\JpegTran\jpegtran.exe;C:\Users\rkonjer\AppData\Roaming\npm;C:\Dev\GraphicsMagick;C:\Dev\Python27;C:\Dev\wamp\bin\php\php5.5.12;C:\Dev\RubyCert\cacert.pem;C:\Dev\openssl/bin;C:\Dev\Java|Android\tools;C:\Dev\Console2;C:\Design\Sublime Text 3;C:\Dev\cygwin\bin;C:\Program Files\MySQL\MySQL Server 5.7\bin;.
16-Nov-2015 09:15:25.929 INFO [main] org.apache.coyote.AbstractProtocol.init Initializing ProtocolHandler ["http-nio-8080"]
16-Nov-2015 09:15:26.085 INFO [main] org.apache.tomcat.util.net.NioSelectorPool.getSharedSelector Using a shared selector for servlet write/read
16-Nov-2015 09:15:26.085 INFO [main] org.apache.coyote.AbstractProtocol.init Initializing ProtocolHandler ["ajp-nio-8009"]
16-Nov-2015 09:15:26.085 INFO [main] org.apache.tomcat.util.net.NioSelectorPool.getSharedSelector Using a shared selector for servlet write/read
16-Nov-2015 09:15:26.085 INFO [main] org.apache.catalina.startup.Catalina.load Initialization processed in 2186 ms
16-Nov-2015 09:15:26.225 INFO [main] org.apache.catalina.core.StandardService.startInternal Starting service Catalina
16-Nov-2015 09:15:26.225 INFO [main] org.apache.catalina.core.StandardEngine.startInternal Starting Servlet Engine: Apache Tomcat/8.0.23
16-Nov-2015 09:15:26.288 INFO [localhost-startStop-1] org.apache.catalina.startup.HostConfig.deployWAR Deploying web application archive C:\Dev\Hippo\myhippoproject\target\tomcat8x\webapps\cargocpc.war
16-Nov-2015 09:15:27.364 INFO [localhost-startStop-1] org.apache.catalina.startup.HostConfig.deployWAR Deployment of web application archive C:\Dev\Hippo\myhippoproject\target\tomcat8x\webapps\cargocpc.war has finished in 967 ms
16-Nov-2015 09:15:27.364 INFO [localhost-startStop-1] org.apache.catalina.startup.HostConfig.deployWAR Deploying web application archive C:\Dev\Hippo\myhippoproject\target\tomcat8x\webapps\cms.war
16-Nov-2015 09:15:57.797 INFO [localhost-startStop-1] org.apache.catalina.startup.HostConfig.deployWAR Deployment of web application archive C:\Dev\Hippo\myhippoproject\target\tomcat8x\webapps\cms.war has finished in 30,433 ms
16-Nov-2015 09:15:57.797 INFO [localhost-startStop-1] org.apache.catalina.startup.HostConfig.deployWAR Deploying web application archive C:\Dev\Hippo\myhippoproject\target\tomcat8x\webapps\essentials.war
16-Nov-2015 09:16:04.755 INFO [localhost-startStop-1] org.apache.catalina.startup.HostConfig.deployWAR Deployment of web application archive C:\Dev\Hippo\myhippoproject\target\tomcat8x\webapps\essentials.war has finished in 6,958 ms
16-Nov-2015 09:16:04.755 INFO [localhost-startStop-1] org.apache.catalina.startup.HostConfig.deployWAR Deploying web application archive C:\Dev\Hippo\myhippoproject\target\tomcat8x\webapps\site.war
16-Nov-2015 09:16:04.770 INFO [localhost-startStop-1] org.apache.catalina.realm.JAASRealm.setUseContextClassLoader Setting useContextClassLoader = true
16-Nov-2015 09:16:12.427 INFO [localhost-startStop-1] org.apache.catalina.startup.HostConfig.deployWAR Deployment of web application archive C:\Dev\Hippo\myhippoproject\target\tomcat8x\webapps\site.war has finished in 7,672 ms
16-Nov-2015 09:16:12.443 INFO [localhost-startStop-1] org.apache.catalina.startup.HostConfig.deployDirectory Deploying web application directory C:\Dev\Hippo\myhippoproject\target\tomcat8x\webapps\host-manager
16-Nov-2015 09:16:12.521 INFO [localhost-startStop-1] org.apache.catalina.startup.HostConfig.deployDirectory Deployment of web application directory C:\Dev\Hippo\myhippoproject\target\tomcat8x\webapps\host-manager has finished in 78 ms
16-Nov-2015 09:16:12.521 INFO [localhost-startStop-1] org.apache.catalina.startup.HostConfig.deployDirectory Deploying web application directory C:\Dev\Hippo\myhippoproject\target\tomcat8x\webapps\manager
16-Nov-2015 09:16:12.568 INFO [localhost-startStop-1] org.apache.catalina.startup.HostConfig.deployDirectory Deployment of web application directory C:\Dev\Hippo\myhippoproject\target\tomcat8x\webapps\manager has finished in 47 ms
16-Nov-2015 09:16:12.583 INFO [main] org.apache.coyote.AbstractProtocol.start Starting ProtocolHandler ["http-nio-8080"]
16-Nov-2015 09:16:12.599 INFO [main] org.apache.coyote.AbstractProtocol.start Starting ProtocolHandler ["ajp-nio-8009"]
16-Nov-2015 09:16:12.599 INFO [main] org.apache.catalina.startup.Catalina.start Server startup in 46510 ms
